2024-09-11 20:47:49 - [DEBUG] (:0, ): Resource folder:  "C:/Users/xiaobai/Desktop/study_project/QtLive2dDesktop/build/Desktop_Qt_6_7_2_MSVC2019_64bit-Release/build_release/Resources"
2024-09-11 20:47:49 - [INFO ] (:0, ): entryList:  0 - "C:/Users/xiaobai/Desktop/study_project/QtLive2dDesktop/build/Desktop_Qt_6_7_2_MSVC2019_64bit-Release/build_release/Resources/Amelia"
2024-09-11 20:47:49 - [INFO ] (:0, ): filePath: "Amelia - t.model3.json"
2024-09-11 20:47:49 - [INFO ] (:0, ): Found .model3.json file:  "C:/Users/xiaobai/Desktop/study_project/QtLive2dDesktop/build/Desktop_Qt_6_7_2_MSVC2019_64bit-Release/build_release/Amelia - t.model3.json"
2024-09-11 20:47:49 - [INFO ] (:0, ): entryList:  1 - "C:/Users/xiaobai/Desktop/study_project/QtLive2dDesktop/build/Desktop_Qt_6_7_2_MSVC2019_64bit-Release/build_release/Resources/Celeste(DLC DUCK)Ⅱ - f"
2024-09-11 20:47:49 - [INFO ] (:0, ): filePath: "Celeste(DLC DUCK)Ⅱ - f.model3.json"
2024-09-11 20:47:49 - [INFO ] (:0, ): Found .model3.json file:  "C:/Users/xiaobai/Desktop/study_project/QtLive2dDesktop/build/Desktop_Qt_6_7_2_MSVC2019_64bit-Release/build_release/Celeste(DLC DUCK)Ⅱ - f.model3.json"
2024-09-11 20:47:49 - [INFO ] (:0, ): entryList:  2 - "C:/Users/xiaobai/Desktop/study_project/QtLive2dDesktop/build/Desktop_Qt_6_7_2_MSVC2019_64bit-Release/build_release/Resources/EVA-2 - free"
2024-09-11 20:47:49 - [INFO ] (:0, ): filePath: "EVA-2.model3.json"
2024-09-11 20:47:49 - [INFO ] (:0, ): Found .model3.json file:  "C:/Users/xiaobai/Desktop/study_project/QtLive2dDesktop/build/Desktop_Qt_6_7_2_MSVC2019_64bit-Release/build_release/EVA-2.model3.json"
2024-09-11 20:47:49 - [INFO ] (:0, ): entryList:  3 - "C:/Users/xiaobai/Desktop/study_project/QtLive2dDesktop/build/Desktop_Qt_6_7_2_MSVC2019_64bit-Release/build_release/Resources/Hiyori"
2024-09-11 20:47:49 - [INFO ] (:0, ): filePath: "Hiyori.model3.json"
2024-09-11 20:47:49 - [INFO ] (:0, ): Found .model3.json file:  "C:/Users/xiaobai/Desktop/study_project/QtLive2dDesktop/build/Desktop_Qt_6_7_2_MSVC2019_64bit-Release/build_release/Hiyori.model3.json"
2024-09-11 20:47:49 - [INFO ] (:0, ): entryList:  4 - "C:/Users/xiaobai/Desktop/study_project/QtLive2dDesktop/build/Desktop_Qt_6_7_2_MSVC2019_64bit-Release/build_release/Resources/Mao"
2024-09-11 20:47:49 - [INFO ] (:0, ): filePath: "Mao.model3.json"
2024-09-11 20:47:49 - [INFO ] (:0, ): Found .model3.json file:  "C:/Users/xiaobai/Desktop/study_project/QtLive2dDesktop/build/Desktop_Qt_6_7_2_MSVC2019_64bit-Release/build_release/Mao.model3.json"
2024-09-11 20:47:49 - [INFO ] (:0, ): entryList:  5 - "C:/Users/xiaobai/Desktop/study_project/QtLive2dDesktop/build/Desktop_Qt_6_7_2_MSVC2019_64bit-Release/build_release/Resources/chunsheng"
2024-09-11 20:47:49 - [INFO ] (:0, ): filePath: "chunsheng.model3.json"
2024-09-11 20:47:49 - [INFO ] (:0, ): Found .model3.json file:  "C:/Users/xiaobai/Desktop/study_project/QtLive2dDesktop/build/Desktop_Qt_6_7_2_MSVC2019_64bit-Release/build_release/chunsheng.model3.json"
2024-09-11 20:47:49 - [INFO ] (:0, ): entryList:  6 - "C:/Users/xiaobai/Desktop/study_project/QtLive2dDesktop/build/Desktop_Qt_6_7_2_MSVC2019_64bit-Release/build_release/Resources/chunsheng_VTS"
2024-09-11 20:47:49 - [INFO ] (:0, ): filePath: "chunsheng.model3.json"
2024-09-11 20:47:49 - [INFO ] (:0, ): Found .model3.json file:  "C:/Users/xiaobai/Desktop/study_project/QtLive2dDesktop/build/Desktop_Qt_6_7_2_MSVC2019_64bit-Release/build_release/chunsheng.model3.json"
2024-09-11 20:47:49 - [INFO ] (:0, ): entryList:  7 - "C:/Users/xiaobai/Desktop/study_project/QtLive2dDesktop/build/Desktop_Qt_6_7_2_MSVC2019_64bit-Release/build_release/Resources/fangcao"
2024-09-11 20:47:49 - [INFO ] (:0, ): filePath: "fangcao.model3.json"
2024-09-11 20:47:49 - [INFO ] (:0, ): Found .model3.json file:  "C:/Users/xiaobai/Desktop/study_project/QtLive2dDesktop/build/Desktop_Qt_6_7_2_MSVC2019_64bit-Release/build_release/fangcao.model3.json"
2024-09-11 20:47:49 - [INFO ] (:0, ): entryList:  8 - "C:/Users/xiaobai/Desktop/study_project/QtLive2dDesktop/build/Desktop_Qt_6_7_2_MSVC2019_64bit-Release/build_release/Resources/lafei"
2024-09-11 20:47:49 - [INFO ] (:0, ): filePath: "lafei_4.model3.json"
2024-09-11 20:47:49 - [INFO ] (:0, ): Found .model3.json file:  "C:/Users/xiaobai/Desktop/study_project/QtLive2dDesktop/build/Desktop_Qt_6_7_2_MSVC2019_64bit-Release/build_release/lafei_4.model3.json"
2024-09-11 20:47:49 - [INFO ] (:0, ): entryList:  9 - "C:/Users/xiaobai/Desktop/study_project/QtLive2dDesktop/build/Desktop_Qt_6_7_2_MSVC2019_64bit-Release/build_release/Resources/mianfeimox"
2024-09-11 20:47:49 - [INFO ] (:0, ): filePath: "llny.model3.json"
2024-09-11 20:47:49 - [INFO ] (:0, ): Found .model3.json file:  "C:/Users/xiaobai/Desktop/study_project/QtLive2dDesktop/build/Desktop_Qt_6_7_2_MSVC2019_64bit-Release/build_release/llny.model3.json"
2024-09-11 20:47:49 - [INFO ] (:0, ): entryList:  10 - "C:/Users/xiaobai/Desktop/study_project/QtLive2dDesktop/build/Desktop_Qt_6_7_2_MSVC2019_64bit-Release/build_release/Resources/sanyueqi"
2024-09-11 20:47:49 - [INFO ] (:0, ): filePath: "sanyueqi.model3.json"
2024-09-11 20:47:49 - [INFO ] (:0, ): Found .model3.json file:  "C:/Users/xiaobai/Desktop/study_project/QtLive2dDesktop/build/Desktop_Qt_6_7_2_MSVC2019_64bit-Release/build_release/sanyueqi.model3.json"
2024-09-11 20:47:49 - [INFO ] (:0, ): entryList:  11 - "C:/Users/xiaobai/Desktop/study_project/QtLive2dDesktop/build/Desktop_Qt_6_7_2_MSVC2019_64bit-Release/build_release/Resources/taiyuan"
2024-09-11 20:47:49 - [INFO ] (:0, ): filePath: "taiyuan_2.model3.json"
2024-09-11 20:47:49 - [INFO ] (:0, ): Found .model3.json file:  "C:/Users/xiaobai/Desktop/study_project/QtLive2dDesktop/build/Desktop_Qt_6_7_2_MSVC2019_64bit-Release/build_release/taiyuan_2.model3.json"
2024-09-11 20:47:49 - [INFO ] (:0, ): entryList:  12 - "C:/Users/xiaobai/Desktop/study_project/QtLive2dDesktop/build/Desktop_Qt_6_7_2_MSVC2019_64bit-Release/build_release/Resources/witch X1"
2024-09-11 20:47:49 - [INFO ] (:0, ): filePath: "witch X1.model3.json"
2024-09-11 20:47:49 - [INFO ] (:0, ): Found .model3.json file:  "C:/Users/xiaobai/Desktop/study_project/QtLive2dDesktop/build/Desktop_Qt_6_7_2_MSVC2019_64bit-Release/build_release/witch X1.model3.json"
2024-09-11 20:47:49 - [INFO ] (:0, ): entryList:  13 - "C:/Users/xiaobai/Desktop/study_project/QtLive2dDesktop/build/Desktop_Qt_6_7_2_MSVC2019_64bit-Release/build_release/Resources/yichui"
2024-09-11 20:47:49 - [INFO ] (:0, ): filePath: "yichui_2.model3.json"
2024-09-11 20:47:49 - [INFO ] (:0, ): Found .model3.json file:  "C:/Users/xiaobai/Desktop/study_project/QtLive2dDesktop/build/Desktop_Qt_6_7_2_MSVC2019_64bit-Release/build_release/yichui_2.model3.json"
2024-09-11 20:47:49 - [INFO ] (:0, ): entryList:  14 - "C:/Users/xiaobai/Desktop/study_project/QtLive2dDesktop/build/Desktop_Qt_6_7_2_MSVC2019_64bit-Release/build_release/Resources/兔兔"
2024-09-11 20:47:49 - [INFO ] (:0, ): filePath: "520兔兔.model3.json"
2024-09-11 20:47:49 - [INFO ] (:0, ): Found .model3.json file:  "C:/Users/xiaobai/Desktop/study_project/QtLive2dDesktop/build/Desktop_Qt_6_7_2_MSVC2019_64bit-Release/build_release/520兔兔.model3.json"
2024-09-11 20:47:49 - [DEBUG] (:0, ): Output file created successfully.
2024-09-11 20:47:49 - [INFO ] (:0, ): Loading models from  "C:/Users/xiaobai/Desktop/study_project/QtLive2dDesktop/build/Desktop_Qt_6_7_2_MSVC2019_64bit-Release/build_release/output.txt"
2024-09-11 20:47:49 - [DEBUG] (:0, ): Loading model:  "C:/Users/xiaobai/Desktop/study_project/QtLive2dDesktop/build/Desktop_Qt_6_7_2_MSVC2019_64bit-Release/build_release/Amelia - t.model3.json"
2024-09-11 20:47:49 - [DEBUG] (:0, ): Loading model:  "C:/Users/xiaobai/Desktop/study_project/QtLive2dDesktop/build/Desktop_Qt_6_7_2_MSVC2019_64bit-Release/build_release/Celeste(DLC DUCK)Ⅱ - f.model3.json"
2024-09-11 20:47:49 - [DEBUG] (:0, ): Loading model:  "C:/Users/xiaobai/Desktop/study_project/QtLive2dDesktop/build/Desktop_Qt_6_7_2_MSVC2019_64bit-Release/build_release/EVA-2.model3.json"
2024-09-11 20:47:49 - [DEBUG] (:0, ): Loading model:  "C:/Users/xiaobai/Desktop/study_project/QtLive2dDesktop/build/Desktop_Qt_6_7_2_MSVC2019_64bit-Release/build_release/Hiyori.model3.json"
2024-09-11 20:47:49 - [DEBUG] (:0, ): Loading model:  "C:/Users/xiaobai/Desktop/study_project/QtLive2dDesktop/build/Desktop_Qt_6_7_2_MSVC2019_64bit-Release/build_release/Mao.model3.json"
2024-09-11 20:47:49 - [DEBUG] (:0, ): Loading model:  "C:/Users/xiaobai/Desktop/study_project/QtLive2dDesktop/build/Desktop_Qt_6_7_2_MSVC2019_64bit-Release/build_release/chunsheng.model3.json"
2024-09-11 20:47:49 - [DEBUG] (:0, ): Loading model:  "C:/Users/xiaobai/Desktop/study_project/QtLive2dDesktop/build/Desktop_Qt_6_7_2_MSVC2019_64bit-Release/build_release/chunsheng.model3.json"
2024-09-11 20:47:49 - [DEBUG] (:0, ): Loading model:  "C:/Users/xiaobai/Desktop/study_project/QtLive2dDesktop/build/Desktop_Qt_6_7_2_MSVC2019_64bit-Release/build_release/fangcao.model3.json"
2024-09-11 20:47:49 - [DEBUG] (:0, ): Loading model:  "C:/Users/xiaobai/Desktop/study_project/QtLive2dDesktop/build/Desktop_Qt_6_7_2_MSVC2019_64bit-Release/build_release/lafei_4.model3.json"
2024-09-11 20:47:49 - [DEBUG] (:0, ): Loading model:  "C:/Users/xiaobai/Desktop/study_project/QtLive2dDesktop/build/Desktop_Qt_6_7_2_MSVC2019_64bit-Release/build_release/llny.model3.json"
2024-09-11 20:47:49 - [DEBUG] (:0, ): Loading model:  "C:/Users/xiaobai/Desktop/study_project/QtLive2dDesktop/build/Desktop_Qt_6_7_2_MSVC2019_64bit-Release/build_release/sanyueqi.model3.json"
2024-09-11 20:47:49 - [DEBUG] (:0, ): Loading model:  "C:/Users/xiaobai/Desktop/study_project/QtLive2dDesktop/build/Desktop_Qt_6_7_2_MSVC2019_64bit-Release/build_release/taiyuan_2.model3.json"
2024-09-11 20:47:49 - [DEBUG] (:0, ): Loading model:  "C:/Users/xiaobai/Desktop/study_project/QtLive2dDesktop/build/Desktop_Qt_6_7_2_MSVC2019_64bit-Release/build_release/witch X1.model3.json"
2024-09-11 20:47:49 - [DEBUG] (:0, ): Loading model:  "C:/Users/xiaobai/Desktop/study_project/QtLive2dDesktop/build/Desktop_Qt_6_7_2_MSVC2019_64bit-Release/build_release/yichui_2.model3.json"
2024-09-11 20:47:49 - [DEBUG] (:0, ): Loading model:  "C:/Users/xiaobai/Desktop/study_project/QtLive2dDesktop/build/Desktop_Qt_6_7_2_MSVC2019_64bit-Release/build_release/520兔兔.model3.json"
2024-09-11 20:50:30 - [DEBUG] (:0, ): Resource folder:  "C:/Users/xiaobai/Desktop/study_project/QtLive2dDesktop/build/Desktop_Qt_6_7_2_MSVC2019_64bit-Release/build_release/Resources"
2024-09-11 20:50:30 - [INFO ] (:0, ): entryList:  0 - "C:/Users/xiaobai/Desktop/study_project/QtLive2dDesktop/build/Desktop_Qt_6_7_2_MSVC2019_64bit-Release/build_release/Resources/Amelia"
2024-09-11 20:50:30 - [INFO ] (:0, ): filePath: "Amelia - t.model3.json"
2024-09-11 20:50:30 - [INFO ] (:0, ): Found .model3.json file:  "C:/Users/xiaobai/Desktop/study_project/QtLive2dDesktop/build/Desktop_Qt_6_7_2_MSVC2019_64bit-Release/build_release/Resources/Amelia/Amelia - t.model3.json"
2024-09-11 20:50:30 - [INFO ] (:0, ): entryList:  1 - "C:/Users/xiaobai/Desktop/study_project/QtLive2dDesktop/build/Desktop_Qt_6_7_2_MSVC2019_64bit-Release/build_release/Resources/Celeste(DLC DUCK)Ⅱ - f"
2024-09-11 20:50:30 - [INFO ] (:0, ): filePath: "Celeste(DLC DUCK)Ⅱ - f.model3.json"
2024-09-11 20:50:30 - [INFO ] (:0, ): Found .model3.json file:  "C:/Users/xiaobai/Desktop/study_project/QtLive2dDesktop/build/Desktop_Qt_6_7_2_MSVC2019_64bit-Release/build_release/Resources/Celeste(DLC DUCK)Ⅱ - f/Celeste(DLC DUCK)Ⅱ - f.model3.json"
2024-09-11 20:50:30 - [INFO ] (:0, ): entryList:  2 - "C:/Users/xiaobai/Desktop/study_project/QtLive2dDesktop/build/Desktop_Qt_6_7_2_MSVC2019_64bit-Release/build_release/Resources/EVA-2 - free"
2024-09-11 20:50:30 - [INFO ] (:0, ): filePath: "EVA-2.model3.json"
2024-09-11 20:50:30 - [INFO ] (:0, ): Found .model3.json file:  "C:/Users/xiaobai/Desktop/study_project/QtLive2dDesktop/build/Desktop_Qt_6_7_2_MSVC2019_64bit-Release/build_release/Resources/EVA-2 - free/EVA-2.model3.json"
2024-09-11 20:50:30 - [INFO ] (:0, ): entryList:  3 - "C:/Users/xiaobai/Desktop/study_project/QtLive2dDesktop/build/Desktop_Qt_6_7_2_MSVC2019_64bit-Release/build_release/Resources/Hiyori"
2024-09-11 20:50:30 - [INFO ] (:0, ): filePath: "Hiyori.model3.json"
2024-09-11 20:50:30 - [INFO ] (:0, ): Found .model3.json file:  "C:/Users/xiaobai/Desktop/study_project/QtLive2dDesktop/build/Desktop_Qt_6_7_2_MSVC2019_64bit-Release/build_release/Resources/Hiyori/Hiyori.model3.json"
2024-09-11 20:50:30 - [INFO ] (:0, ): entryList:  4 - "C:/Users/xiaobai/Desktop/study_project/QtLive2dDesktop/build/Desktop_Qt_6_7_2_MSVC2019_64bit-Release/build_release/Resources/Mao"
2024-09-11 20:50:30 - [INFO ] (:0, ): filePath: "Mao.model3.json"
2024-09-11 20:50:30 - [INFO ] (:0, ): Found .model3.json file:  "C:/Users/xiaobai/Desktop/study_project/QtLive2dDesktop/build/Desktop_Qt_6_7_2_MSVC2019_64bit-Release/build_release/Resources/Mao/Mao.model3.json"
2024-09-11 20:50:30 - [INFO ] (:0, ): entryList:  5 - "C:/Users/xiaobai/Desktop/study_project/QtLive2dDesktop/build/Desktop_Qt_6_7_2_MSVC2019_64bit-Release/build_release/Resources/chunsheng"
2024-09-11 20:50:30 - [INFO ] (:0, ): filePath: "chunsheng.model3.json"
2024-09-11 20:50:30 - [INFO ] (:0, ): Found .model3.json file:  "C:/Users/xiaobai/Desktop/study_project/QtLive2dDesktop/build/Desktop_Qt_6_7_2_MSVC2019_64bit-Release/build_release/Resources/chunsheng/chunsheng.model3.json"
2024-09-11 20:50:30 - [INFO ] (:0, ): entryList:  6 - "C:/Users/xiaobai/Desktop/study_project/QtLive2dDesktop/build/Desktop_Qt_6_7_2_MSVC2019_64bit-Release/build_release/Resources/chunsheng_VTS"
2024-09-11 20:50:30 - [INFO ] (:0, ): filePath: "chunsheng.model3.json"
2024-09-11 20:50:30 - [INFO ] (:0, ): Found .model3.json file:  "C:/Users/xiaobai/Desktop/study_project/QtLive2dDesktop/build/Desktop_Qt_6_7_2_MSVC2019_64bit-Release/build_release/Resources/chunsheng_VTS/chunsheng.model3.json"
2024-09-11 20:50:30 - [INFO ] (:0, ): entryList:  7 - "C:/Users/xiaobai/Desktop/study_project/QtLive2dDesktop/build/Desktop_Qt_6_7_2_MSVC2019_64bit-Release/build_release/Resources/fangcao"
2024-09-11 20:50:30 - [INFO ] (:0, ): filePath: "fangcao.model3.json"
2024-09-11 20:50:30 - [INFO ] (:0, ): Found .model3.json file:  "C:/Users/xiaobai/Desktop/study_project/QtLive2dDesktop/build/Desktop_Qt_6_7_2_MSVC2019_64bit-Release/build_release/Resources/fangcao/fangcao.model3.json"
2024-09-11 20:50:30 - [INFO ] (:0, ): entryList:  8 - "C:/Users/xiaobai/Desktop/study_project/QtLive2dDesktop/build/Desktop_Qt_6_7_2_MSVC2019_64bit-Release/build_release/Resources/lafei"
2024-09-11 20:50:30 - [INFO ] (:0, ): filePath: "lafei_4.model3.json"
2024-09-11 20:50:30 - [INFO ] (:0, ): Found .model3.json file:  "C:/Users/xiaobai/Desktop/study_project/QtLive2dDesktop/build/Desktop_Qt_6_7_2_MSVC2019_64bit-Release/build_release/Resources/lafei/lafei_4.model3.json"
2024-09-11 20:50:30 - [INFO ] (:0, ): entryList:  9 - "C:/Users/xiaobai/Desktop/study_project/QtLive2dDesktop/build/Desktop_Qt_6_7_2_MSVC2019_64bit-Release/build_release/Resources/mianfeimox"
2024-09-11 20:50:30 - [INFO ] (:0, ): filePath: "llny.model3.json"
2024-09-11 20:50:30 - [INFO ] (:0, ): Found .model3.json file:  "C:/Users/xiaobai/Desktop/study_project/QtLive2dDesktop/build/Desktop_Qt_6_7_2_MSVC2019_64bit-Release/build_release/Resources/mianfeimox/llny.model3.json"
2024-09-11 20:50:30 - [INFO ] (:0, ): entryList:  10 - "C:/Users/xiaobai/Desktop/study_project/QtLive2dDesktop/build/Desktop_Qt_6_7_2_MSVC2019_64bit-Release/build_release/Resources/sanyueqi"
2024-09-11 20:50:30 - [INFO ] (:0, ): filePath: "sanyueqi.model3.json"
2024-09-11 20:50:30 - [INFO ] (:0, ): Found .model3.json file:  "C:/Users/xiaobai/Desktop/study_project/QtLive2dDesktop/build/Desktop_Qt_6_7_2_MSVC2019_64bit-Release/build_release/Resources/sanyueqi/sanyueqi.model3.json"
2024-09-11 20:50:30 - [INFO ] (:0, ): entryList:  11 - "C:/Users/xiaobai/Desktop/study_project/QtLive2dDesktop/build/Desktop_Qt_6_7_2_MSVC2019_64bit-Release/build_release/Resources/taiyuan"
2024-09-11 20:50:30 - [INFO ] (:0, ): filePath: "taiyuan_2.model3.json"
2024-09-11 20:50:30 - [INFO ] (:0, ): Found .model3.json file:  "C:/Users/xiaobai/Desktop/study_project/QtLive2dDesktop/build/Desktop_Qt_6_7_2_MSVC2019_64bit-Release/build_release/Resources/taiyuan/taiyuan_2.model3.json"
2024-09-11 20:50:30 - [INFO ] (:0, ): entryList:  12 - "C:/Users/xiaobai/Desktop/study_project/QtLive2dDesktop/build/Desktop_Qt_6_7_2_MSVC2019_64bit-Release/build_release/Resources/witch X1"
2024-09-11 20:50:30 - [INFO ] (:0, ): filePath: "witch X1.model3.json"
2024-09-11 20:50:30 - [INFO ] (:0, ): Found .model3.json file:  "C:/Users/xiaobai/Desktop/study_project/QtLive2dDesktop/build/Desktop_Qt_6_7_2_MSVC2019_64bit-Release/build_release/Resources/witch X1/witch X1.model3.json"
2024-09-11 20:50:30 - [INFO ] (:0, ): entryList:  13 - "C:/Users/xiaobai/Desktop/study_project/QtLive2dDesktop/build/Desktop_Qt_6_7_2_MSVC2019_64bit-Release/build_release/Resources/yichui"
2024-09-11 20:50:30 - [INFO ] (:0, ): filePath: "yichui_2.model3.json"
2024-09-11 20:50:30 - [INFO ] (:0, ): Found .model3.json file:  "C:/Users/xiaobai/Desktop/study_project/QtLive2dDesktop/build/Desktop_Qt_6_7_2_MSVC2019_64bit-Release/build_release/Resources/yichui/yichui_2.model3.json"
2024-09-11 20:50:30 - [INFO ] (:0, ): entryList:  14 - "C:/Users/xiaobai/Desktop/study_project/QtLive2dDesktop/build/Desktop_Qt_6_7_2_MSVC2019_64bit-Release/build_release/Resources/兔兔"
2024-09-11 20:50:30 - [INFO ] (:0, ): filePath: "520兔兔.model3.json"
2024-09-11 20:50:30 - [INFO ] (:0, ): Found .model3.json file:  "C:/Users/xiaobai/Desktop/study_project/QtLive2dDesktop/build/Desktop_Qt_6_7_2_MSVC2019_64bit-Release/build_release/Resources/兔兔/520兔兔.model3.json"
2024-09-11 20:50:30 - [DEBUG] (:0, ): Output file created successfully.
2024-09-11 20:50:30 - [INFO ] (:0, ): Loading models from  "C:/Users/xiaobai/Desktop/study_project/QtLive2dDesktop/build/Desktop_Qt_6_7_2_MSVC2019_64bit-Release/build_release/output.txt"
2024-09-11 20:50:30 - [DEBUG] (:0, ): Loading model:  "C:/Users/xiaobai/Desktop/study_project/QtLive2dDesktop/build/Desktop_Qt_6_7_2_MSVC2019_64bit-Release/build_release/Resources/Amelia/Amelia - t.model3.json"
2024-09-11 20:50:30 - [DEBUG] (:0, ): Loading model:  "C:/Users/xiaobai/Desktop/study_project/QtLive2dDesktop/build/Desktop_Qt_6_7_2_MSVC2019_64bit-Release/build_release/Resources/Celeste(DLC DUCK)Ⅱ - f/Celeste(DLC DUCK)Ⅱ - f.model3.json"
2024-09-11 20:50:30 - [DEBUG] (:0, ): Loading model:  "C:/Users/xiaobai/Desktop/study_project/QtLive2dDesktop/build/Desktop_Qt_6_7_2_MSVC2019_64bit-Release/build_release/Resources/EVA-2 - free/EVA-2.model3.json"
2024-09-11 20:50:30 - [DEBUG] (:0, ): Loading model:  "C:/Users/xiaobai/Desktop/study_project/QtLive2dDesktop/build/Desktop_Qt_6_7_2_MSVC2019_64bit-Release/build_release/Resources/Hiyori/Hiyori.model3.json"
2024-09-11 20:50:30 - [DEBUG] (:0, ): Loading model:  "C:/Users/xiaobai/Desktop/study_project/QtLive2dDesktop/build/Desktop_Qt_6_7_2_MSVC2019_64bit-Release/build_release/Resources/Mao/Mao.model3.json"
2024-09-11 20:50:30 - [DEBUG] (:0, ): Loading model:  "C:/Users/xiaobai/Desktop/study_project/QtLive2dDesktop/build/Desktop_Qt_6_7_2_MSVC2019_64bit-Release/build_release/Resources/chunsheng/chunsheng.model3.json"
2024-09-11 20:50:30 - [DEBUG] (:0, ): Loading model:  "C:/Users/xiaobai/Desktop/study_project/QtLive2dDesktop/build/Desktop_Qt_6_7_2_MSVC2019_64bit-Release/build_release/Resources/chunsheng_VTS/chunsheng.model3.json"
2024-09-11 20:50:30 - [DEBUG] (:0, ): Loading model:  "C:/Users/xiaobai/Desktop/study_project/QtLive2dDesktop/build/Desktop_Qt_6_7_2_MSVC2019_64bit-Release/build_release/Resources/fangcao/fangcao.model3.json"
2024-09-11 20:50:30 - [DEBUG] (:0, ): Loading model:  "C:/Users/xiaobai/Desktop/study_project/QtLive2dDesktop/build/Desktop_Qt_6_7_2_MSVC2019_64bit-Release/build_release/Resources/lafei/lafei_4.model3.json"
2024-09-11 20:50:30 - [DEBUG] (:0, ): Loading model:  "C:/Users/xiaobai/Desktop/study_project/QtLive2dDesktop/build/Desktop_Qt_6_7_2_MSVC2019_64bit-Release/build_release/Resources/mianfeimox/llny.model3.json"
2024-09-11 20:50:30 - [DEBUG] (:0, ): Loading model:  "C:/Users/xiaobai/Desktop/study_project/QtLive2dDesktop/build/Desktop_Qt_6_7_2_MSVC2019_64bit-Release/build_release/Resources/sanyueqi/sanyueqi.model3.json"
2024-09-11 20:50:30 - [DEBUG] (:0, ): Loading model:  "C:/Users/xiaobai/Desktop/study_project/QtLive2dDesktop/build/Desktop_Qt_6_7_2_MSVC2019_64bit-Release/build_release/Resources/taiyuan/taiyuan_2.model3.json"
2024-09-11 20:50:30 - [DEBUG] (:0, ): Loading model:  "C:/Users/xiaobai/Desktop/study_project/QtLive2dDesktop/build/Desktop_Qt_6_7_2_MSVC2019_64bit-Release/build_release/Resources/witch X1/witch X1.model3.json"
2024-09-11 20:50:30 - [DEBUG] (:0, ): Loading model:  "C:/Users/xiaobai/Desktop/study_project/QtLive2dDesktop/build/Desktop_Qt_6_7_2_MSVC2019_64bit-Release/build_release/Resources/yichui/yichui_2.model3.json"
2024-09-11 20:50:30 - [DEBUG] (:0, ): Loading model:  "C:/Users/xiaobai/Desktop/study_project/QtLive2dDesktop/build/Desktop_Qt_6_7_2_MSVC2019_64bit-Release/build_release/Resources/兔兔/520兔兔.model3.json"
2024-09-11 20:53:53 - [DEBUG] (:0, ): Hello
2024-09-11 20:53:53 - [DEBUG] (:0, ): 当前时间是:  "20:53:53"
2024-09-11 20:53:53 - [INFO ] (:0, ): "God bless you!"
2024-09-11 20:53:53 - [DEBUG] (:0, ): 模型验证成功！
2024-09-11 20:53:53 - [DEBUG] (:0, ): Output file path:  "output.txt"
2024-09-11 20:53:53 - [DEBUG] (:0, ): folderPath:  "C:/Users/xiaobai/Desktop/study_project/QtLive2dDesktop/Resources/Rice"
2024-09-11 20:53:53 - [DEBUG] (:0, ): resourcePath:  "C:/Users/xiaobai/Desktop/study_project/QtLive2dDesktop/build/Desktop_Qt_6_7_2_MSVC2019_64bit-Release/build_release/Resources/Rice"
2024-09-11 20:53:53 - [DEBUG] (:0, ): newModelPath:  "C:/Users/xiaobai/Desktop/study_project/QtLive2dDesktop/build/Desktop_Qt_6_7_2_MSVC2019_64bit-Release/build_release/Resources/Rice/Rice.model3.json" 

2024-09-11 20:53:53 - [DEBUG] (:0, ): 模型文件不存在，开始复制文件夹。
2024-09-11 20:53:53 - [DEBUG] (:0, ): Model path added to txt file.

2024-09-11 20:54:07 - [DEBUG] (:0, ): Hello
2024-09-11 20:54:07 - [DEBUG] (:0, ): 当前时间是:  "20:54:07"
2024-09-11 20:54:07 - [INFO ] (:0, ): "God bless you!"
2024-09-11 20:54:07 - [DEBUG] (:0, ): 模型验证成功！
2024-09-11 20:54:07 - [DEBUG] (:0, ): Output file path:  "output.txt"
2024-09-11 20:54:07 - [DEBUG] (:0, ): folderPath:  "C:/Users/xiaobai/Desktop/study_project/QtLive2dDesktop/Resources/abeikelongbi_3"
2024-09-11 20:54:07 - [DEBUG] (:0, ): resourcePath:  "C:/Users/xiaobai/Desktop/study_project/QtLive2dDesktop/build/Desktop_Qt_6_7_2_MSVC2019_64bit-Release/build_release/Resources/abeikelongbi_3"
2024-09-11 20:54:07 - [DEBUG] (:0, ): newModelPath:  "C:/Users/xiaobai/Desktop/study_project/QtLive2dDesktop/build/Desktop_Qt_6_7_2_MSVC2019_64bit-Release/build_release/Resources/abeikelongbi_3/abeikelongbi_3.model3.json" 

2024-09-11 20:54:07 - [DEBUG] (:0, ): 模型文件不存在，开始复制文件夹。
2024-09-11 20:54:07 - [DEBUG] (:0, ): Model path added to txt file.

2024-09-11 20:54:21 - [DEBUG] (:0, ): Hello
2024-09-11 20:54:21 - [DEBUG] (:0, ): 当前时间是:  "20:54:21"
2024-09-11 20:54:21 - [INFO ] (:0, ): "God bless you!"
2024-09-11 20:54:22 - [DEBUG] (:0, ): 模型验证成功！
2024-09-11 20:54:22 - [DEBUG] (:0, ): Output file path:  "output.txt"
2024-09-11 20:54:22 - [DEBUG] (:0, ): folderPath:  "C:/Users/xiaobai/Desktop/study_project/QtLive2dDesktop/Resources/ariu"
2024-09-11 20:54:22 - [DEBUG] (:0, ): resourcePath:  "C:/Users/xiaobai/Desktop/study_project/QtLive2dDesktop/build/Desktop_Qt_6_7_2_MSVC2019_64bit-Release/build_release/Resources/ariu"
2024-09-11 20:54:22 - [DEBUG] (:0, ): newModelPath:  "C:/Users/xiaobai/Desktop/study_project/QtLive2dDesktop/build/Desktop_Qt_6_7_2_MSVC2019_64bit-Release/build_release/Resources/ariu/ariu.model3.json" 

2024-09-11 20:54:22 - [DEBUG] (:0, ): 模型文件不存在，开始复制文件夹。
2024-09-11 20:54:22 - [DEBUG] (:0, ): Model path added to txt file.

2024-09-11 20:57:24 - [DEBUG] (:0, ): Resource folder:  "C:/Users/xiaobai/Desktop/cute/qtlive2d_DesktopPet/Resources"
2024-09-11 20:57:24 - [INFO ] (:0, ): entryList:  0 - "C:/Users/xiaobai/Desktop/cute/qtlive2d_DesktopPet/Resources/Amelia"
2024-09-11 20:57:24 - [INFO ] (:0, ): filePath: "Amelia - t.model3.json"
2024-09-11 20:57:24 - [INFO ] (:0, ): Found .model3.json file:  "C:/Users/xiaobai/Desktop/cute/qtlive2d_DesktopPet/Resources/Amelia/Amelia - t.model3.json"
2024-09-11 20:57:24 - [INFO ] (:0, ): entryList:  1 - "C:/Users/xiaobai/Desktop/cute/qtlive2d_DesktopPet/Resources/Celeste(DLC DUCK)Ⅱ - f"
2024-09-11 20:57:24 - [INFO ] (:0, ): filePath: "Celeste(DLC DUCK)Ⅱ - f.model3.json"
2024-09-11 20:57:24 - [INFO ] (:0, ): Found .model3.json file:  "C:/Users/xiaobai/Desktop/cute/qtlive2d_DesktopPet/Resources/Celeste(DLC DUCK)Ⅱ - f/Celeste(DLC DUCK)Ⅱ - f.model3.json"
2024-09-11 20:57:24 - [INFO ] (:0, ): entryList:  2 - "C:/Users/xiaobai/Desktop/cute/qtlive2d_DesktopPet/Resources/EVA-2 - free"
2024-09-11 20:57:24 - [INFO ] (:0, ): filePath: "EVA-2.model3.json"
2024-09-11 20:57:24 - [INFO ] (:0, ): Found .model3.json file:  "C:/Users/xiaobai/Desktop/cute/qtlive2d_DesktopPet/Resources/EVA-2 - free/EVA-2.model3.json"
2024-09-11 20:57:24 - [INFO ] (:0, ): entryList:  3 - "C:/Users/xiaobai/Desktop/cute/qtlive2d_DesktopPet/Resources/Hiyori"
2024-09-11 20:57:24 - [INFO ] (:0, ): filePath: "Hiyori.model3.json"
2024-09-11 20:57:24 - [INFO ] (:0, ): Found .model3.json file:  "C:/Users/xiaobai/Desktop/cute/qtlive2d_DesktopPet/Resources/Hiyori/Hiyori.model3.json"
2024-09-11 20:57:24 - [INFO ] (:0, ): entryList:  4 - "C:/Users/xiaobai/Desktop/cute/qtlive2d_DesktopPet/Resources/Mao"
2024-09-11 20:57:24 - [INFO ] (:0, ): filePath: "Mao.model3.json"
2024-09-11 20:57:24 - [INFO ] (:0, ): Found .model3.json file:  "C:/Users/xiaobai/Desktop/cute/qtlive2d_DesktopPet/Resources/Mao/Mao.model3.json"
2024-09-11 20:57:24 - [INFO ] (:0, ): entryList:  5 - "C:/Users/xiaobai/Desktop/cute/qtlive2d_DesktopPet/Resources/Rice"
2024-09-11 20:57:24 - [INFO ] (:0, ): filePath: "Rice.model3.json"
2024-09-11 20:57:24 - [INFO ] (:0, ): Found .model3.json file:  "C:/Users/xiaobai/Desktop/cute/qtlive2d_DesktopPet/Resources/Rice/Rice.model3.json"
2024-09-11 20:57:24 - [INFO ] (:0, ): entryList:  6 - "C:/Users/xiaobai/Desktop/cute/qtlive2d_DesktopPet/Resources/abeikelongbi_3"
2024-09-11 20:57:24 - [INFO ] (:0, ): filePath: "abeikelongbi_3.model3.json"
2024-09-11 20:57:24 - [INFO ] (:0, ): Found .model3.json file:  "C:/Users/xiaobai/Desktop/cute/qtlive2d_DesktopPet/Resources/abeikelongbi_3/abeikelongbi_3.model3.json"
2024-09-11 20:57:24 - [INFO ] (:0, ): entryList:  7 - "C:/Users/xiaobai/Desktop/cute/qtlive2d_DesktopPet/Resources/ariu"
2024-09-11 20:57:24 - [INFO ] (:0, ): filePath: "ariu.model3.json"
2024-09-11 20:57:24 - [INFO ] (:0, ): Found .model3.json file:  "C:/Users/xiaobai/Desktop/cute/qtlive2d_DesktopPet/Resources/ariu/ariu.model3.json"
2024-09-11 20:57:24 - [INFO ] (:0, ): entryList:  8 - "C:/Users/xiaobai/Desktop/cute/qtlive2d_DesktopPet/Resources/chunsheng"
2024-09-11 20:57:24 - [INFO ] (:0, ): filePath: "chunsheng.model3.json"
2024-09-11 20:57:24 - [INFO ] (:0, ): Found .model3.json file:  "C:/Users/xiaobai/Desktop/cute/qtlive2d_DesktopPet/Resources/chunsheng/chunsheng.model3.json"
2024-09-11 20:57:24 - [INFO ] (:0, ): entryList:  9 - "C:/Users/xiaobai/Desktop/cute/qtlive2d_DesktopPet/Resources/chunsheng_VTS"
2024-09-11 20:57:24 - [INFO ] (:0, ): filePath: "chunsheng.model3.json"
2024-09-11 20:57:24 - [INFO ] (:0, ): Found .model3.json file:  "C:/Users/xiaobai/Desktop/cute/qtlive2d_DesktopPet/Resources/chunsheng_VTS/chunsheng.model3.json"
2024-09-11 20:57:24 - [INFO ] (:0, ): entryList:  10 - "C:/Users/xiaobai/Desktop/cute/qtlive2d_DesktopPet/Resources/fangcao"
2024-09-11 20:57:24 - [INFO ] (:0, ): filePath: "fangcao.model3.json"
2024-09-11 20:57:24 - [INFO ] (:0, ): Found .model3.json file:  "C:/Users/xiaobai/Desktop/cute/qtlive2d_DesktopPet/Resources/fangcao/fangcao.model3.json"
2024-09-11 20:57:24 - [INFO ] (:0, ): entryList:  11 - "C:/Users/xiaobai/Desktop/cute/qtlive2d_DesktopPet/Resources/lafei"
2024-09-11 20:57:24 - [INFO ] (:0, ): filePath: "lafei_4.model3.json"
2024-09-11 20:57:24 - [INFO ] (:0, ): Found .model3.json file:  "C:/Users/xiaobai/Desktop/cute/qtlive2d_DesktopPet/Resources/lafei/lafei_4.model3.json"
2024-09-11 20:57:24 - [INFO ] (:0, ): entryList:  12 - "C:/Users/xiaobai/Desktop/cute/qtlive2d_DesktopPet/Resources/mianfeimox"
2024-09-11 20:57:24 - [INFO ] (:0, ): filePath: "llny.model3.json"
2024-09-11 20:57:24 - [INFO ] (:0, ): Found .model3.json file:  "C:/Users/xiaobai/Desktop/cute/qtlive2d_DesktopPet/Resources/mianfeimox/llny.model3.json"
2024-09-11 20:57:24 - [INFO ] (:0, ): entryList:  13 - "C:/Users/xiaobai/Desktop/cute/qtlive2d_DesktopPet/Resources/sanyueqi"
2024-09-11 20:57:24 - [INFO ] (:0, ): filePath: "sanyueqi.model3.json"
2024-09-11 20:57:24 - [INFO ] (:0, ): Found .model3.json file:  "C:/Users/xiaobai/Desktop/cute/qtlive2d_DesktopPet/Resources/sanyueqi/sanyueqi.model3.json"
2024-09-11 20:57:24 - [INFO ] (:0, ): entryList:  14 - "C:/Users/xiaobai/Desktop/cute/qtlive2d_DesktopPet/Resources/taiyuan"
2024-09-11 20:57:24 - [INFO ] (:0, ): filePath: "taiyuan_2.model3.json"
2024-09-11 20:57:24 - [INFO ] (:0, ): Found .model3.json file:  "C:/Users/xiaobai/Desktop/cute/qtlive2d_DesktopPet/Resources/taiyuan/taiyuan_2.model3.json"
2024-09-11 20:57:24 - [INFO ] (:0, ): entryList:  15 - "C:/Users/xiaobai/Desktop/cute/qtlive2d_DesktopPet/Resources/witch X1"
2024-09-11 20:57:24 - [INFO ] (:0, ): filePath: "witch X1.model3.json"
2024-09-11 20:57:24 - [INFO ] (:0, ): Found .model3.json file:  "C:/Users/xiaobai/Desktop/cute/qtlive2d_DesktopPet/Resources/witch X1/witch X1.model3.json"
2024-09-11 20:57:24 - [INFO ] (:0, ): entryList:  16 - "C:/Users/xiaobai/Desktop/cute/qtlive2d_DesktopPet/Resources/yichui"
2024-09-11 20:57:24 - [INFO ] (:0, ): filePath: "yichui_2.model3.json"
2024-09-11 20:57:24 - [INFO ] (:0, ): Found .model3.json file:  "C:/Users/xiaobai/Desktop/cute/qtlive2d_DesktopPet/Resources/yichui/yichui_2.model3.json"
2024-09-11 20:57:24 - [INFO ] (:0, ): entryList:  17 - "C:/Users/xiaobai/Desktop/cute/qtlive2d_DesktopPet/Resources/兔兔"
2024-09-11 20:57:24 - [INFO ] (:0, ): filePath: "520兔兔.model3.json"
2024-09-11 20:57:24 - [INFO ] (:0, ): Found .model3.json file:  "C:/Users/xiaobai/Desktop/cute/qtlive2d_DesktopPet/Resources/兔兔/520兔兔.model3.json"
2024-09-11 20:57:24 - [DEBUG] (:0, ): Output file created successfully.
2024-09-11 20:57:24 - [INFO ] (:0, ): Loading models from  "C:/Users/xiaobai/Desktop/cute/qtlive2d_DesktopPet/output.txt"
2024-09-11 20:57:24 - [DEBUG] (:0, ): Loading model:  "C:/Users/xiaobai/Desktop/cute/qtlive2d_DesktopPet/Resources/Amelia/Amelia - t.model3.json"
2024-09-11 20:57:24 - [DEBUG] (:0, ): Loading model:  "C:/Users/xiaobai/Desktop/cute/qtlive2d_DesktopPet/Resources/Celeste(DLC DUCK)Ⅱ - f/Celeste(DLC DUCK)Ⅱ - f.model3.json"
2024-09-11 20:57:24 - [DEBUG] (:0, ): Loading model:  "C:/Users/xiaobai/Desktop/cute/qtlive2d_DesktopPet/Resources/EVA-2 - free/EVA-2.model3.json"
2024-09-11 20:57:24 - [DEBUG] (:0, ): Loading model:  "C:/Users/xiaobai/Desktop/cute/qtlive2d_DesktopPet/Resources/Hiyori/Hiyori.model3.json"
2024-09-11 20:57:24 - [DEBUG] (:0, ): Loading model:  "C:/Users/xiaobai/Desktop/cute/qtlive2d_DesktopPet/Resources/Mao/Mao.model3.json"
2024-09-11 20:57:24 - [DEBUG] (:0, ): Loading model:  "C:/Users/xiaobai/Desktop/cute/qtlive2d_DesktopPet/Resources/Rice/Rice.model3.json"
2024-09-11 20:57:24 - [DEBUG] (:0, ): Loading model:  "C:/Users/xiaobai/Desktop/cute/qtlive2d_DesktopPet/Resources/abeikelongbi_3/abeikelongbi_3.model3.json"
2024-09-11 20:57:24 - [DEBUG] (:0, ): Loading model:  "C:/Users/xiaobai/Desktop/cute/qtlive2d_DesktopPet/Resources/ariu/ariu.model3.json"
2024-09-11 20:57:24 - [DEBUG] (:0, ): Loading model:  "C:/Users/xiaobai/Desktop/cute/qtlive2d_DesktopPet/Resources/chunsheng/chunsheng.model3.json"
2024-09-11 20:57:24 - [DEBUG] (:0, ): Loading model:  "C:/Users/xiaobai/Desktop/cute/qtlive2d_DesktopPet/Resources/chunsheng_VTS/chunsheng.model3.json"
2024-09-11 20:57:24 - [DEBUG] (:0, ): Loading model:  "C:/Users/xiaobai/Desktop/cute/qtlive2d_DesktopPet/Resources/fangcao/fangcao.model3.json"
2024-09-11 20:57:24 - [DEBUG] (:0, ): Loading model:  "C:/Users/xiaobai/Desktop/cute/qtlive2d_DesktopPet/Resources/lafei/lafei_4.model3.json"
2024-09-11 20:57:24 - [DEBUG] (:0, ): Loading model:  "C:/Users/xiaobai/Desktop/cute/qtlive2d_DesktopPet/Resources/mianfeimox/llny.model3.json"
2024-09-11 20:57:24 - [DEBUG] (:0, ): Loading model:  "C:/Users/xiaobai/Desktop/cute/qtlive2d_DesktopPet/Resources/sanyueqi/sanyueqi.model3.json"
2024-09-11 20:57:24 - [DEBUG] (:0, ): Loading model:  "C:/Users/xiaobai/Desktop/cute/qtlive2d_DesktopPet/Resources/taiyuan/taiyuan_2.model3.json"
2024-09-11 20:57:24 - [DEBUG] (:0, ): Loading model:  "C:/Users/xiaobai/Desktop/cute/qtlive2d_DesktopPet/Resources/witch X1/witch X1.model3.json"
2024-09-11 20:57:24 - [DEBUG] (:0, ): Loading model:  "C:/Users/xiaobai/Desktop/cute/qtlive2d_DesktopPet/Resources/yichui/yichui_2.model3.json"
2024-09-11 20:57:24 - [DEBUG] (:0, ): Loading model:  "C:/Users/xiaobai/Desktop/cute/qtlive2d_DesktopPet/Resources/兔兔/520兔兔.model3.json"
